<?xml version="1.0" encoding="UTF-8" ?>
<testsuite tests="3" failures="0" name="com.fasimito.ddd.extension.test.ExtensionTest" time="0.021" errors="0" skipped="0">
  <properties>
[...]
</properties>
  <testcase classname="com.fasimito.ddd.extension.test.ExtensionTest" name="testBiz1AddCustomerSuccess" time="0.007"/>
  <testcase classname="com.fasimito.ddd.extension.test.ExtensionTest" name="testBiz1UseCase1Scenario1AddCustomerSuccess" time="0.01"/>
  <testcase classname="com.fasimito.ddd.extension.test.ExtensionTest" name="testBiz1UseCase1AddCustomerSuccess" time="0.004"/>
</testsuite>